<?xml version="1.0" encoding="UTF-8"?>
<coverage generated="1657642993">
  <project timestamp="1657642993">
    <package name="Mito\Application\Sniffs\Arrays">
      <file name="/usr/src/app/src/Application/Sniffs/Arrays/ArrayDeclarationSniff.php">
        <class name="Mito\Application\Sniffs\Arrays\ArrayDeclarationSniff" namespace="Mito\Application\Sniffs\Arrays">
          <metrics complexity="160" methods="4" coveredmethods="1" conditionals="0" coveredconditionals="0" statements="513" coveredstatements="471" elements="517" coveredelements="472"/>
        </class>
        <line num="44" type="method" name="register" visibility="public" complexity="1" crap="1" count="1"/>
        <line num="47" type="stmt" count="1"/>
        <line num="48" type="stmt" count="1"/>
        <line num="62" type="method" name="process" visibility="public" complexity="22" crap="22" count="1"/>
        <line num="64" type="stmt" count="1"/>
        <line num="66" type="stmt" count="1"/>
        <line num="67" type="stmt" count="1"/>
        <line num="70" type="stmt" count="1"/>
        <line num="71" type="stmt" count="1"/>
        <line num="72" type="stmt" count="0"/>
        <line num="74" type="stmt" count="1"/>
        <line num="77" type="stmt" count="1"/>
        <line num="78" type="stmt" count="1"/>
        <line num="79" type="stmt" count="1"/>
        <line num="80" type="stmt" count="1"/>
        <line num="81" type="stmt" count="1"/>
        <line num="84" type="stmt" count="1"/>
        <line num="87" type="stmt" count="1"/>
        <line num="88" type="stmt" count="1"/>
        <line num="89" type="stmt" count="0"/>
        <line num="92" type="stmt" count="1"/>
        <line num="94" type="stmt" count="1"/>
        <line num="95" type="stmt" count="1"/>
        <line num="97" type="stmt" count="1"/>
        <line num="98" type="stmt" count="1"/>
        <line num="100" type="stmt" count="0"/>
        <line num="102" type="stmt" count="1"/>
        <line num="103" type="stmt" count="1"/>
        <line num="104" type="stmt" count="1"/>
        <line num="105" type="stmt" count="1"/>
        <line num="106" type="stmt" count="1"/>
        <line num="109" type="stmt" count="1"/>
        <line num="114" type="stmt" count="1"/>
        <line num="115" type="stmt" count="1"/>
        <line num="116" type="stmt" count="1"/>
        <line num="120" type="stmt" count="1"/>
        <line num="121" type="stmt" count="1"/>
        <line num="123" type="stmt" count="1"/>
        <line num="124" type="stmt" count="1"/>
        <line num="125" type="stmt" count="1"/>
        <line num="127" type="stmt" count="1"/>
        <line num="128" type="stmt" count="1"/>
        <line num="129" type="stmt" count="1"/>
        <line num="130" type="stmt" count="1"/>
        <line num="133" type="stmt" count="1"/>
        <line num="139" type="stmt" count="1"/>
        <line num="142" type="stmt" count="1"/>
        <line num="143" type="stmt" count="1"/>
        <line num="145" type="stmt" count="1"/>
        <line num="146" type="stmt" count="1"/>
        <line num="147" type="stmt" count="1"/>
        <line num="148" type="stmt" count="1"/>
        <line num="149" type="stmt" count="1"/>
        <line num="150" type="stmt" count="1"/>
        <line num="151" type="stmt" count="1"/>
        <line num="153" type="stmt" count="1"/>
        <line num="154" type="stmt" count="1"/>
        <line num="155" type="stmt" count="1"/>
        <line num="156" type="stmt" count="1"/>
        <line num="157" type="stmt" count="1"/>
        <line num="158" type="stmt" count="1"/>
        <line num="159" type="stmt" count="1"/>
        <line num="160" type="stmt" count="1"/>
        <line num="161" type="stmt" count="1"/>
        <line num="163" type="stmt" count="1"/>
        <line num="166" type="stmt" count="1"/>
        <line num="167" type="stmt" count="1"/>
        <line num="171" type="stmt" count="1"/>
        <line num="172" type="stmt" count="1"/>
        <line num="174" type="stmt" count="1"/>
        <line num="177" type="stmt" count="1"/>
        <line num="190" type="method" name="processSingleLineArray" visibility="public" complexity="35" crap="35" count="1"/>
        <line num="192" type="stmt" count="1"/>
        <line num="196" type="stmt" count="1"/>
        <line num="197" type="stmt" count="1"/>
        <line num="198" type="stmt" count="1"/>
        <line num="200" type="stmt" count="1"/>
        <line num="201" type="stmt" count="1"/>
        <line num="202" type="stmt" count="1"/>
        <line num="205" type="stmt" count="1"/>
        <line num="206" type="stmt" count="1"/>
        <line num="207" type="stmt" count="1"/>
        <line num="211" type="stmt" count="1"/>
        <line num="212" type="stmt" count="1"/>
        <line num="213" type="stmt" count="1"/>
        <line num="214" type="stmt" count="1"/>
        <line num="217" type="stmt" count="1"/>
        <line num="218" type="stmt" count="1"/>
        <line num="219" type="stmt" count="1"/>
        <line num="222" type="stmt" count="1"/>
        <line num="223" type="stmt" count="1"/>
        <line num="224" type="stmt" count="1"/>
        <line num="227" type="stmt" count="1"/>
        <line num="230" type="stmt" count="1"/>
        <line num="231" type="stmt" count="1"/>
        <line num="232" type="stmt" count="1"/>
        <line num="233" type="stmt" count="1"/>
        <line num="236" type="stmt" count="1"/>
        <line num="237" type="stmt" count="1"/>
        <line num="238" type="stmt" count="1"/>
        <line num="239" type="stmt" count="1"/>
        <line num="246" type="stmt" count="1"/>
        <line num="247" type="stmt" count="1"/>
        <line num="248" type="stmt" count="1"/>
        <line num="249" type="stmt" count="1"/>
        <line num="250" type="stmt" count="1"/>
        <line num="251" type="stmt" count="1"/>
        <line num="252" type="stmt" count="1"/>
        <line num="253" type="stmt" count="1"/>
        <line num="254" type="stmt" count="1"/>
        <line num="257" type="stmt" count="1"/>
        <line num="258" type="stmt" count="1"/>
        <line num="259" type="stmt" count="1"/>
        <line num="260" type="stmt" count="1"/>
        <line num="262" type="stmt" count="1"/>
        <line num="263" type="stmt" count="1"/>
        <line num="266" type="stmt" count="1"/>
        <line num="267" type="stmt" count="1"/>
        <line num="268" type="stmt" count="1"/>
        <line num="273" type="stmt" count="1"/>
        <line num="274" type="stmt" count="1"/>
        <line num="275" type="stmt" count="1"/>
        <line num="276" type="stmt" count="1"/>
        <line num="277" type="stmt" count="1"/>
        <line num="278" type="stmt" count="1"/>
        <line num="279" type="stmt" count="1"/>
        <line num="282" type="stmt" count="1"/>
        <line num="283" type="stmt" count="1"/>
        <line num="284" type="stmt" count="1"/>
        <line num="285" type="stmt" count="1"/>
        <line num="287" type="stmt" count="1"/>
        <line num="288" type="stmt" count="1"/>
        <line num="291" type="stmt" count="1"/>
        <line num="292" type="stmt" count="1"/>
        <line num="293" type="stmt" count="1"/>
        <line num="300" type="stmt" count="1"/>
        <line num="301" type="stmt" count="1"/>
        <line num="302" type="stmt" count="1"/>
        <line num="304" type="stmt" count="1"/>
        <line num="305" type="stmt" count="1"/>
        <line num="307" type="stmt" count="1"/>
        <line num="308" type="stmt" count="1"/>
        <line num="309" type="stmt" count="1"/>
        <line num="311" type="stmt" count="1"/>
        <line num="312" type="stmt" count="1"/>
        <line num="313" type="stmt" count="1"/>
        <line num="315" type="stmt" count="1"/>
        <line num="316" type="stmt" count="1"/>
        <line num="317" type="stmt" count="1"/>
        <line num="318" type="stmt" count="1"/>
        <line num="320" type="stmt" count="0"/>
        <line num="325" type="stmt" count="1"/>
        <line num="326" type="stmt" count="1"/>
        <line num="327" type="stmt" count="1"/>
        <line num="329" type="stmt" count="1"/>
        <line num="330" type="stmt" count="1"/>
        <line num="332" type="stmt" count="1"/>
        <line num="333" type="stmt" count="1"/>
        <line num="335" type="stmt" count="1"/>
        <line num="336" type="stmt" count="1"/>
        <line num="337" type="stmt" count="1"/>
        <line num="339" type="stmt" count="1"/>
        <line num="340" type="stmt" count="1"/>
        <line num="341" type="stmt" count="1"/>
        <line num="342" type="stmt" count="1"/>
        <line num="344" type="stmt" count="0"/>
        <line num="349" type="stmt" count="1"/>
        <line num="352" type="stmt" count="1"/>
        <line num="353" type="stmt" count="1"/>
        <line num="354" type="stmt" count="1"/>
        <line num="355" type="stmt" count="1"/>
        <line num="356" type="stmt" count="1"/>
        <line num="357" type="stmt" count="1"/>
        <line num="358" type="stmt" count="1"/>
        <line num="359" type="stmt" count="1"/>
        <line num="362" type="stmt" count="1"/>
        <line num="363" type="stmt" count="1"/>
        <line num="364" type="stmt" count="1"/>
        <line num="365" type="stmt" count="1"/>
        <line num="367" type="stmt" count="1"/>
        <line num="368" type="stmt" count="1"/>
        <line num="371" type="stmt" count="1"/>
        <line num="372" type="stmt" count="1"/>
        <line num="373" type="stmt" count="1"/>
        <line num="378" type="stmt" count="1"/>
        <line num="379" type="stmt" count="1"/>
        <line num="380" type="stmt" count="1"/>
        <line num="381" type="stmt" count="1"/>
        <line num="383" type="stmt" count="1"/>
        <line num="384" type="stmt" count="1"/>
        <line num="387" type="stmt" count="1"/>
        <line num="388" type="stmt" count="1"/>
        <line num="389" type="stmt" count="1"/>
        <line num="395" type="stmt" count="1"/>
        <line num="408" type="method" name="processMultiLineArray" visibility="public" complexity="102" crap="117.78" count="1"/>
        <line num="410" type="stmt" count="1"/>
        <line num="415" type="stmt" count="1"/>
        <line num="416" type="stmt" count="1"/>
        <line num="417" type="stmt" count="1"/>
        <line num="418" type="stmt" count="1"/>
        <line num="419" type="stmt" count="1"/>
        <line num="420" type="stmt" count="1"/>
        <line num="421" type="stmt" count="1"/>
        <line num="425" type="stmt" count="1"/>
        <line num="426" type="stmt" count="0"/>
        <line num="427" type="stmt" count="1"/>
        <line num="428" type="stmt" count="1"/>
        <line num="429" type="stmt" count="1"/>
        <line num="430" type="stmt" count="0"/>
        <line num="432" type="stmt" count="1"/>
        <line num="433" type="stmt" count="1"/>
        <line num="434" type="stmt" count="0"/>
        <line num="435" type="stmt" count="0"/>
        <line num="437" type="stmt" count="0"/>
        <line num="440" type="stmt" count="1"/>
        <line num="444" type="stmt" count="1"/>
        <line num="445" type="stmt" count="1"/>
        <line num="447" type="stmt" count="1"/>
        <line num="450" type="stmt" count="1"/>
        <line num="451" type="stmt" count="1"/>
        <line num="452" type="stmt" count="1"/>
        <line num="453" type="stmt" count="1"/>
        <line num="454" type="stmt" count="1"/>
        <line num="455" type="stmt" count="1"/>
        <line num="457" type="stmt" count="1"/>
        <line num="459" type="stmt" count="1"/>
        <line num="460" type="stmt" count="1"/>
        <line num="461" type="stmt" count="1"/>
        <line num="463" type="stmt" count="1"/>
        <line num="464" type="stmt" count="1"/>
        <line num="467" type="stmt" count="1"/>
        <line num="468" type="stmt" count="1"/>
        <line num="469" type="stmt" count="1"/>
        <line num="470" type="stmt" count="1"/>
        <line num="472" type="stmt" count="1"/>
        <line num="477" type="stmt" count="1"/>
        <line num="478" type="stmt" count="1"/>
        <line num="479" type="stmt" count="1"/>
        <line num="481" type="stmt" count="1"/>
        <line num="482" type="stmt" count="1"/>
        <line num="484" type="stmt" count="1"/>
        <line num="488" type="stmt" count="1"/>
        <line num="490" type="stmt" count="1"/>
        <line num="491" type="stmt" count="1"/>
        <line num="492" type="stmt" count="1"/>
        <line num="494" type="stmt" count="1"/>
        <line num="495" type="stmt" count="1"/>
        <line num="498" type="stmt" count="1"/>
        <line num="499" type="stmt" count="1"/>
        <line num="500" type="stmt" count="1"/>
        <line num="501" type="stmt" count="1"/>
        <line num="502" type="stmt" count="1"/>
        <line num="505" type="stmt" count="1"/>
        <line num="506" type="stmt" count="1"/>
        <line num="507" type="stmt" count="1"/>
        <line num="510" type="stmt" count="1"/>
        <line num="511" type="stmt" count="1"/>
        <line num="512" type="stmt" count="1"/>
        <line num="513" type="stmt" count="1"/>
        <line num="516" type="stmt" count="1"/>
        <line num="519" type="stmt" count="1"/>
        <line num="520" type="stmt" count="1"/>
        <line num="521" type="stmt" count="1"/>
        <line num="523" type="stmt" count="1"/>
        <line num="526" type="stmt" count="1"/>
        <line num="529" type="stmt" count="1"/>
        <line num="530" type="stmt" count="1"/>
        <line num="533" type="stmt" count="1"/>
        <line num="535" type="stmt" count="1"/>
        <line num="536" type="stmt" count="1"/>
        <line num="537" type="stmt" count="1"/>
        <line num="538" type="stmt" count="1"/>
        <line num="541" type="stmt" count="1"/>
        <line num="542" type="stmt" count="1"/>
        <line num="543" type="stmt" count="1"/>
        <line num="544" type="stmt" count="1"/>
        <line num="546" type="stmt" count="1"/>
        <line num="550" type="stmt" count="1"/>
        <line num="554" type="stmt" count="0"/>
        <line num="557" type="stmt" count="1"/>
        <line num="558" type="stmt" count="1"/>
        <line num="559" type="stmt" count="1"/>
        <line num="560" type="stmt" count="1"/>
        <line num="562" type="stmt" count="1"/>
        <line num="565" type="stmt" count="1"/>
        <line num="566" type="stmt" count="1"/>
        <line num="568" type="stmt" count="1"/>
        <line num="571" type="stmt" count="1"/>
        <line num="572" type="stmt" count="1"/>
        <line num="575" type="stmt" count="1"/>
        <line num="576" type="stmt" count="1"/>
        <line num="577" type="stmt" count="0"/>
        <line num="578" type="stmt" count="0"/>
        <line num="579" type="stmt" count="0"/>
        <line num="582" type="stmt" count="1"/>
        <line num="585" type="stmt" count="1"/>
        <line num="586" type="stmt" count="1"/>
        <line num="588" type="stmt" count="1"/>
        <line num="589" type="stmt" count="1"/>
        <line num="590" type="stmt" count="1"/>
        <line num="592" type="stmt" count="1"/>
        <line num="595" type="stmt" count="1"/>
        <line num="596" type="stmt" count="1"/>
        <line num="598" type="stmt" count="1"/>
        <line num="599" type="stmt" count="1"/>
        <line num="600" type="stmt" count="1"/>
        <line num="601" type="stmt" count="1"/>
        <line num="604" type="stmt" count="1"/>
        <line num="605" type="stmt" count="1"/>
        <line num="606" type="stmt" count="1"/>
        <line num="611" type="stmt" count="1"/>
        <line num="612" type="stmt" count="1"/>
        <line num="613" type="stmt" count="1"/>
        <line num="615" type="stmt" count="1"/>
        <line num="618" type="stmt" count="1"/>
        <line num="619" type="stmt" count="1"/>
        <line num="620" type="stmt" count="1"/>
        <line num="625" type="stmt" count="1"/>
        <line num="626" type="stmt" count="1"/>
        <line num="628" type="stmt" count="1"/>
        <line num="631" type="stmt" count="1"/>
        <line num="632" type="stmt" count="1"/>
        <line num="636" type="stmt" count="1"/>
        <line num="637" type="stmt" count="1"/>
        <line num="639" type="stmt" count="1"/>
        <line num="640" type="stmt" count="1"/>
        <line num="641" type="stmt" count="1"/>
        <line num="643" type="stmt" count="1"/>
        <line num="646" type="stmt" count="1"/>
        <line num="647" type="stmt" count="1"/>
        <line num="651" type="stmt" count="1"/>
        <line num="652" type="stmt" count="1"/>
        <line num="653" type="stmt" count="1"/>
        <line num="655" type="stmt" count="1"/>
        <line num="658" type="stmt" count="1"/>
        <line num="659" type="stmt" count="1"/>
        <line num="663" type="stmt" count="1"/>
        <line num="665" type="stmt" count="1"/>
        <line num="666" type="stmt" count="1"/>
        <line num="667" type="stmt" count="1"/>
        <line num="669" type="stmt" count="1"/>
        <line num="670" type="stmt" count="1"/>
        <line num="671" type="stmt" count="1"/>
        <line num="673" type="stmt" count="1"/>
        <line num="675" type="stmt" count="1"/>
        <line num="676" type="stmt" count="1"/>
        <line num="677" type="stmt" count="1"/>
        <line num="678" type="stmt" count="1"/>
        <line num="679" type="stmt" count="1"/>
        <line num="680" type="stmt" count="1"/>
        <line num="681" type="stmt" count="1"/>
        <line num="683" type="stmt" count="1"/>
        <line num="687" type="stmt" count="1"/>
        <line num="691" type="stmt" count="1"/>
        <line num="692" type="stmt" count="1"/>
        <line num="693" type="stmt" count="1"/>
        <line num="694" type="stmt" count="1"/>
        <line num="696" type="stmt" count="1"/>
        <line num="700" type="stmt" count="0"/>
        <line num="705" type="stmt" count="1"/>
        <line num="706" type="stmt" count="1"/>
        <line num="707" type="stmt" count="1"/>
        <line num="709" type="stmt" count="1"/>
        <line num="710" type="stmt" count="1"/>
        <line num="711" type="stmt" count="1"/>
        <line num="712" type="stmt" count="1"/>
        <line num="715" type="stmt" count="1"/>
        <line num="716" type="stmt" count="1"/>
        <line num="717" type="stmt" count="1"/>
        <line num="718" type="stmt" count="1"/>
        <line num="722" type="stmt" count="1"/>
        <line num="723" type="stmt" count="1"/>
        <line num="724" type="stmt" count="1"/>
        <line num="725" type="stmt" count="1"/>
        <line num="726" type="stmt" count="1"/>
        <line num="729" type="stmt" count="1"/>
        <line num="730" type="stmt" count="1"/>
        <line num="731" type="stmt" count="1"/>
        <line num="732" type="stmt" count="1"/>
        <line num="735" type="stmt" count="1"/>
        <line num="736" type="stmt" count="1"/>
        <line num="737" type="stmt" count="1"/>
        <line num="738" type="stmt" count="1"/>
        <line num="741" type="stmt" count="1"/>
        <line num="742" type="stmt" count="1"/>
        <line num="743" type="stmt" count="1"/>
        <line num="747" type="stmt" count="1"/>
        <line num="748" type="stmt" count="0"/>
        <line num="749" type="stmt" count="0"/>
        <line num="751" type="stmt" count="0"/>
        <line num="753" type="stmt" count="0"/>
        <line num="754" type="stmt" count="0"/>
        <line num="755" type="stmt" count="0"/>
        <line num="759" type="stmt" count="0"/>
        <line num="764" type="stmt" count="1"/>
        <line num="765" type="stmt" count="1"/>
        <line num="766" type="stmt" count="1"/>
        <line num="767" type="stmt" count="1"/>
        <line num="768" type="stmt" count="1"/>
        <line num="769" type="stmt" count="1"/>
        <line num="772" type="stmt" count="1"/>
        <line num="774" type="stmt" count="1"/>
        <line num="775" type="stmt" count="1"/>
        <line num="776" type="stmt" count="1"/>
        <line num="777" type="stmt" count="1"/>
        <line num="779" type="stmt" count="1"/>
        <line num="780" type="stmt" count="1"/>
        <line num="783" type="stmt" count="1"/>
        <line num="784" type="stmt" count="1"/>
        <line num="785" type="stmt" count="1"/>
        <line num="786" type="stmt" count="1"/>
        <line num="788" type="stmt" count="1"/>
        <line num="793" type="stmt" count="1"/>
        <line num="794" type="stmt" count="1"/>
        <line num="795" type="stmt" count="1"/>
        <line num="797" type="stmt" count="1"/>
        <line num="800" type="stmt" count="1"/>
        <line num="802" type="stmt" count="1"/>
        <line num="803" type="stmt" count="1"/>
        <line num="806" type="stmt" count="1"/>
        <line num="807" type="stmt" count="1"/>
        <line num="808" type="stmt" count="1"/>
        <line num="813" type="stmt" count="1"/>
        <line num="814" type="stmt" count="1"/>
        <line num="816" type="stmt" count="1"/>
        <line num="819" type="stmt" count="1"/>
        <line num="820" type="stmt" count="1"/>
        <line num="821" type="stmt" count="1"/>
        <line num="823" type="stmt" count="1"/>
        <line num="824" type="stmt" count="1"/>
        <line num="827" type="stmt" count="1"/>
        <line num="828" type="stmt" count="1"/>
        <line num="829" type="stmt" count="1"/>
        <line num="830" type="stmt" count="1"/>
        <line num="831" type="stmt" count="1"/>
        <line num="834" type="stmt" count="1"/>
        <line num="837" type="stmt" count="1"/>
        <line num="838" type="stmt" count="1"/>
        <line num="839" type="stmt" count="1"/>
        <line num="840" type="stmt" count="1"/>
        <line num="841" type="stmt" count="1"/>
        <line num="842" type="stmt" count="1"/>
        <line num="845" type="stmt" count="1"/>
        <line num="848" type="stmt" count="1"/>
        <line num="851" type="stmt" count="1"/>
        <line num="852" type="stmt" count="1"/>
        <line num="853" type="stmt" count="1"/>
        <line num="854" type="stmt" count="1"/>
        <line num="855" type="stmt" count="1"/>
        <line num="857" type="stmt" count="1"/>
        <line num="858" type="stmt" count="1"/>
        <line num="861" type="stmt" count="1"/>
        <line num="862" type="stmt" count="1"/>
        <line num="863" type="stmt" count="1"/>
        <line num="864" type="stmt" count="1"/>
        <line num="866" type="stmt" count="1"/>
        <line num="870" type="stmt" count="1"/>
        <line num="873" type="stmt" count="1"/>
        <line num="874" type="stmt" count="0"/>
        <line num="875" type="stmt" count="0"/>
        <line num="876" type="stmt" count="0"/>
        <line num="879" type="stmt" count="1"/>
        <line num="880" type="stmt" count="0"/>
        <line num="881" type="stmt" count="0"/>
        <line num="882" type="stmt" count="0"/>
        <line num="883" type="stmt" count="0"/>
        <line num="884" type="stmt" count="0"/>
        <line num="885" type="stmt" count="0"/>
        <line num="886" type="stmt" count="0"/>
        <line num="889" type="stmt" count="0"/>
        <line num="892" type="stmt" count="0"/>
        <line num="895" type="stmt" count="0"/>
        <line num="898" type="stmt" count="1"/>
        <line num="899" type="stmt" count="1"/>
        <line num="901" type="stmt" count="1"/>
        <line num="904" type="stmt" count="1"/>
        <line num="905" type="stmt" count="1"/>
        <line num="906" type="stmt" count="1"/>
        <line num="907" type="stmt" count="1"/>
        <line num="909" type="stmt" count="1"/>
        <line num="910" type="stmt" count="1"/>
        <line num="913" type="stmt" count="1"/>
        <line num="914" type="stmt" count="1"/>
        <line num="915" type="stmt" count="1"/>
        <line num="916" type="stmt" count="1"/>
        <line num="918" type="stmt" count="1"/>
        <line num="922" type="stmt" count="1"/>
        <line num="925" type="stmt" count="1"/>
        <line num="927" type="stmt" count="1"/>
        <line num="930" type="stmt" count="1"/>
        <line num="931" type="stmt" count="1"/>
        <line num="932" type="stmt" count="1"/>
        <line num="933" type="stmt" count="1"/>
        <line num="934" type="stmt" count="1"/>
        <line num="935" type="stmt" count="1"/>
        <line num="937" type="stmt" count="1"/>
        <line num="938" type="stmt" count="1"/>
        <line num="939" type="stmt" count="1"/>
        <line num="940" type="stmt" count="1"/>
        <line num="943" type="stmt" count="1"/>
        <line num="944" type="stmt" count="0"/>
        <line num="947" type="stmt" count="1"/>
        <line num="949" type="stmt" count="1"/>
        <line num="950" type="stmt" count="1"/>
        <line num="953" type="stmt" count="1"/>
        <line num="954" type="stmt" count="1"/>
        <line num="955" type="stmt" count="1"/>
        <line num="956" type="stmt" count="0"/>
        <line num="957" type="stmt" count="0"/>
        <line num="958" type="stmt" count="0"/>
        <line num="959" type="stmt" count="0"/>
        <line num="962" type="stmt" count="0"/>
        <line num="963" type="stmt" count="0"/>
        <line num="964" type="stmt" count="1"/>
        <line num="965" type="stmt" count="1"/>
        <line num="967" type="stmt" count="1"/>
        <line num="973" type="stmt" count="1"/>
        <metrics loc="974" ncloc="753" classes="1" methods="4" coveredmethods="1" conditionals="0" coveredconditionals="0" statements="513" coveredstatements="471" elements="517" coveredelements="472"/>
      </file>
    </package>
    <package name="Mito\Application\Sniffs\Classes">
      <file name="/usr/src/app/src/Application/Sniffs/Classes/PropertyOrderSniff.php">
        <class name="Mito\Application\Sniffs\Classes\PropertyOrderSniff" namespace="Mito\Application\Sniffs\Classes" fullPackage="PHP_CodeSniffer" category="PHP" package="PHP_CodeSniffer">
          <metrics complexity="11" methods="2" coveredmethods="1" conditionals="0" coveredconditionals="0" statements="34" coveredstatements="32" elements="36" coveredelements="33"/>
        </class>
        <line num="47" type="method" name="register" visibility="public" complexity="1" crap="1" count="1"/>
        <line num="50" type="stmt" count="1"/>
        <line num="51" type="stmt" count="1"/>
        <line num="52" type="stmt" count="1"/>
        <line num="67" type="method" name="process" visibility="public" complexity="10" crap="10.03" count="1"/>
        <line num="69" type="stmt" count="1"/>
        <line num="71" type="stmt" count="1"/>
        <line num="76" type="stmt" count="1"/>
        <line num="77" type="stmt" count="1"/>
        <line num="78" type="stmt" count="1"/>
        <line num="79" type="stmt" count="1"/>
        <line num="80" type="stmt" count="1"/>
        <line num="81" type="stmt" count="1"/>
        <line num="82" type="stmt" count="1"/>
        <line num="84" type="stmt" count="1"/>
        <line num="85" type="stmt" count="1"/>
        <line num="86" type="stmt" count="1"/>
        <line num="90" type="stmt" count="1"/>
        <line num="91" type="stmt" count="1"/>
        <line num="92" type="stmt" count="1"/>
        <line num="94" type="stmt" count="1"/>
        <line num="96" type="stmt" count="1"/>
        <line num="97" type="stmt" count="0"/>
        <line num="99" type="stmt" count="0"/>
        <line num="102" type="stmt" count="1"/>
        <line num="103" type="stmt" count="1"/>
        <line num="104" type="stmt" count="1"/>
        <line num="105" type="stmt" count="1"/>
        <line num="108" type="stmt" count="1"/>
        <line num="109" type="stmt" count="1"/>
        <line num="110" type="stmt" count="1"/>
        <line num="112" type="stmt" count="1"/>
        <line num="113" type="stmt" count="1"/>
        <line num="115" type="stmt" count="1"/>
        <line num="117" type="stmt" count="1"/>
        <line num="122" type="stmt" count="1"/>
        <metrics loc="125" ncloc="64" classes="1" methods="2" coveredmethods="1" conditionals="0" coveredconditionals="0" statements="34" coveredstatements="32" elements="36" coveredelements="33"/>
      </file>
      <file name="/usr/src/app/src/Application/Sniffs/Classes/StaticSelfSniff.php">
        <class name="Mito\Application\Sniffs\Classes\StaticSelfSniff" namespace="Mito\Application\Sniffs\Classes" fullPackage="PHP_CodeSniffer" category="PHP" package="PHP_CodeSniffer">
          <metrics complexity="51" methods="5" coveredmethods="3" conditionals="0" coveredconditionals="0" statements="146" coveredstatements="139" elements="151" coveredelements="142"/>
        </class>
        <line num="52" type="method" name="__construct" visibility="public" complexity="1" crap="1" count="1"/>
        <line num="54" type="stmt" count="1"/>
        <line num="56" type="stmt" count="1"/>
        <line num="68" type="method" name="processTokenWithinScope" visibility="protected" complexity="44" crap="44" count="1"/>
        <line num="70" type="stmt" count="1"/>
        <line num="72" type="stmt" count="1"/>
        <line num="73" type="stmt" count="1"/>
        <line num="77" type="stmt" count="1"/>
        <line num="78" type="stmt" count="1"/>
        <line num="79" type="stmt" count="1"/>
        <line num="83" type="stmt" count="1"/>
        <line num="84" type="stmt" count="1"/>
        <line num="85" type="stmt" count="0"/>
        <line num="86" type="stmt" count="0"/>
        <line num="89" type="stmt" count="1"/>
        <line num="90" type="stmt" count="1"/>
        <line num="91" type="stmt" count="1"/>
        <line num="94" type="stmt" count="1"/>
        <line num="96" type="stmt" count="0"/>
        <line num="99" type="stmt" count="1"/>
        <line num="100" type="stmt" count="1"/>
        <line num="102" type="stmt" count="0"/>
        <line num="105" type="stmt" count="1"/>
        <line num="106" type="stmt" count="1"/>
        <line num="107" type="stmt" count="1"/>
        <line num="109" type="stmt" count="1"/>
        <line num="111" type="stmt" count="1"/>
        <line num="112" type="stmt" count="0"/>
        <line num="114" type="stmt" count="0"/>
        <line num="117" type="stmt" count="1"/>
        <line num="118" type="stmt" count="1"/>
        <line num="121" type="stmt" count="1"/>
        <line num="122" type="stmt" count="1"/>
        <line num="123" type="stmt" count="1"/>
        <line num="128" type="stmt" count="1"/>
        <line num="129" type="stmt" count="1"/>
        <line num="130" type="stmt" count="1"/>
        <line num="131" type="stmt" count="1"/>
        <line num="132" type="stmt" count="1"/>
        <line num="133" type="stmt" count="1"/>
        <line num="134" type="stmt" count="1"/>
        <line num="135" type="stmt" count="1"/>
        <line num="136" type="stmt" count="1"/>
        <line num="139" type="stmt" count="1"/>
        <line num="140" type="stmt" count="1"/>
        <line num="141" type="stmt" count="1"/>
        <line num="142" type="stmt" count="1"/>
        <line num="145" type="stmt" count="1"/>
        <line num="146" type="stmt" count="1"/>
        <line num="147" type="stmt" count="1"/>
        <line num="149" type="stmt" count="1"/>
        <line num="152" type="stmt" count="1"/>
        <line num="155" type="stmt" count="1"/>
        <line num="156" type="stmt" count="1"/>
        <line num="157" type="stmt" count="1"/>
        <line num="162" type="stmt" count="1"/>
        <line num="163" type="stmt" count="1"/>
        <line num="164" type="stmt" count="1"/>
        <line num="165" type="stmt" count="1"/>
        <line num="166" type="stmt" count="1"/>
        <line num="168" type="stmt" count="1"/>
        <line num="169" type="stmt" count="1"/>
        <line num="173" type="stmt" count="1"/>
        <line num="174" type="stmt" count="1"/>
        <line num="175" type="stmt" count="1"/>
        <line num="176" type="stmt" count="1"/>
        <line num="177" type="stmt" count="1"/>
        <line num="179" type="stmt" count="1"/>
        <line num="180" type="stmt" count="1"/>
        <line num="184" type="stmt" count="1"/>
        <line num="185" type="stmt" count="1"/>
        <line num="188" type="stmt" count="1"/>
        <line num="189" type="stmt" count="1"/>
        <line num="190" type="stmt" count="1"/>
        <line num="191" type="stmt" count="1"/>
        <line num="192" type="stmt" count="1"/>
        <line num="193" type="stmt" count="1"/>
        <line num="194" type="stmt" count="1"/>
        <line num="196" type="stmt" count="1"/>
        <line num="197" type="stmt" count="1"/>
        <line num="199" type="stmt" count="1"/>
        <line num="200" type="stmt" count="1"/>
        <line num="202" type="stmt" count="1"/>
        <line num="204" type="stmt" count="1"/>
        <line num="207" type="stmt" count="1"/>
        <line num="208" type="stmt" count="1"/>
        <line num="209" type="stmt" count="1"/>
        <line num="212" type="stmt" count="1"/>
        <line num="214" type="stmt" count="1"/>
        <line num="215" type="stmt" count="1"/>
        <line num="216" type="stmt" count="1"/>
        <line num="217" type="stmt" count="1"/>
        <line num="218" type="stmt" count="1"/>
        <line num="219" type="stmt" count="1"/>
        <line num="221" type="stmt" count="1"/>
        <line num="222" type="stmt" count="1"/>
        <line num="224" type="stmt" count="1"/>
        <line num="225" type="stmt" count="1"/>
        <line num="226" type="stmt" count="1"/>
        <line num="227" type="stmt" count="1"/>
        <line num="230" type="stmt" count="1"/>
        <line num="231" type="stmt" count="1"/>
        <line num="234" type="stmt" count="1"/>
        <line num="235" type="stmt" count="1"/>
        <line num="241" type="stmt" count="1"/>
        <line num="242" type="stmt" count="1"/>
        <line num="245" type="stmt" count="1"/>
        <line num="246" type="stmt" count="1"/>
        <line num="247" type="stmt" count="1"/>
        <line num="250" type="stmt" count="1"/>
        <line num="253" type="stmt" count="1"/>
        <line num="254" type="stmt" count="1"/>
        <line num="256" type="stmt" count="1"/>
        <line num="259" type="stmt" count="1"/>
        <line num="260" type="stmt" count="1"/>
        <line num="262" type="stmt" count="1"/>
        <line num="264" type="stmt" count="1"/>
        <line num="265" type="stmt" count="1"/>
        <line num="266" type="stmt" count="1"/>
        <line num="267" type="stmt" count="1"/>
        <line num="268" type="stmt" count="1"/>
        <line num="270" type="stmt" count="1"/>
        <line num="272" type="stmt" count="1"/>
        <line num="273" type="stmt" count="1"/>
        <line num="274" type="stmt" count="1"/>
        <line num="276" type="stmt" count="1"/>
        <line num="277" type="stmt" count="1"/>
        <line num="278" type="stmt" count="1"/>
        <line num="281" type="stmt" count="1"/>
        <line num="282" type="stmt" count="1"/>
        <line num="287" type="stmt" count="1"/>
        <line num="298" type="method" name="getDeclarationNameWithNamespace" visibility="protected" complexity="3" crap="3" count="1"/>
        <line num="300" type="stmt" count="1"/>
        <line num="301" type="stmt" count="1"/>
        <line num="302" type="stmt" count="1"/>
        <line num="303" type="stmt" count="1"/>
        <line num="305" type="stmt" count="1"/>
        <line num="306" type="stmt" count="1"/>
        <line num="309" type="stmt" count="1"/>
        <line num="310" type="stmt" count="1"/>
        <line num="324" type="method" name="getNamespaceOfScope" visibility="protected" complexity="2" crap="2" count="1"/>
        <line num="326" type="stmt" count="1"/>
        <line num="327" type="stmt" count="1"/>
        <line num="329" type="stmt" count="1"/>
        <line num="330" type="stmt" count="1"/>
        <line num="331" type="stmt" count="1"/>
        <line num="332" type="stmt" count="1"/>
        <line num="333" type="stmt" count="1"/>
        <line num="337" type="stmt" count="1"/>
        <line num="350" type="method" name="processTokenOutsideScope" visibility="protected" complexity="1" crap="2.00" count="0"/>
        <line num="353" type="stmt" count="0"/>
        <metrics loc="356" ncloc="219" classes="1" methods="5" coveredmethods="3" conditionals="0" coveredconditionals="0" statements="146" coveredstatements="139" elements="151" coveredelements="142"/>
      </file>
    </package>
    <package name="Mito\Application\Sniffs\ControlStructures">
      <file name="/usr/src/app/src/Application/Sniffs/ControlStructures/ControlSignatureSniff.php">
        <class name="Mito\Application\Sniffs\ControlStructures\ControlSignatureSniff" namespace="Mito\Application\Sniffs\ControlStructures" fullPackage="PHP_CodeSniffer" category="PHP" package="PHP_CodeSniffer">
          <metrics complexity="56" methods="2" coveredmethods="1" conditionals="0" coveredconditionals="0" statements="132" coveredstatements="121" elements="134" coveredelements="122"/>
        </class>
        <line num="55" type="method" name="register" visibility="public" complexity="1" crap="1" count="1"/>
        <line num="58" type="stmt" count="1"/>
        <line num="59" type="stmt" count="1"/>
        <line num="60" type="stmt" count="1"/>
        <line num="61" type="stmt" count="1"/>
        <line num="62" type="stmt" count="1"/>
        <line num="63" type="stmt" count="1"/>
        <line num="64" type="stmt" count="1"/>
        <line num="65" type="stmt" count="1"/>
        <line num="66" type="stmt" count="1"/>
        <line num="67" type="stmt" count="1"/>
        <line num="82" type="method" name="process" visibility="public" complexity="55" crap="57.22" count="1"/>
        <line num="84" type="stmt" count="1"/>
        <line num="86" type="stmt" count="1"/>
        <line num="87" type="stmt" count="0"/>
        <line num="90" type="stmt" count="1"/>
        <line num="91" type="stmt" count="1"/>
        <line num="92" type="stmt" count="1"/>
        <line num="94" type="stmt" count="1"/>
        <line num="97" type="stmt" count="1"/>
        <line num="98" type="stmt" count="1"/>
        <line num="99" type="stmt" count="1"/>
        <line num="103" type="stmt" count="1"/>
        <line num="104" type="stmt" count="1"/>
        <line num="105" type="stmt" count="1"/>
        <line num="106" type="stmt" count="1"/>
        <line num="108" type="stmt" count="1"/>
        <line num="111" type="stmt" count="1"/>
        <line num="112" type="stmt" count="1"/>
        <line num="114" type="stmt" count="1"/>
        <line num="115" type="stmt" count="1"/>
        <line num="116" type="stmt" count="1"/>
        <line num="119" type="stmt" count="1"/>
        <line num="120" type="stmt" count="1"/>
        <line num="121" type="stmt" count="1"/>
        <line num="122" type="stmt" count="1"/>
        <line num="124" type="stmt" count="1"/>
        <line num="130" type="stmt" count="1"/>
        <line num="131" type="stmt" count="1"/>
        <line num="133" type="stmt" count="1"/>
        <line num="134" type="stmt" count="1"/>
        <line num="135" type="stmt" count="1"/>
        <line num="137" type="stmt" count="1"/>
        <line num="138" type="stmt" count="1"/>
        <line num="139" type="stmt" count="1"/>
        <line num="142" type="stmt" count="1"/>
        <line num="143" type="stmt" count="1"/>
        <line num="144" type="stmt" count="1"/>
        <line num="146" type="stmt" count="1"/>
        <line num="149" type="stmt" count="1"/>
        <line num="152" type="stmt" count="1"/>
        <line num="153" type="stmt" count="1"/>
        <line num="155" type="stmt" count="1"/>
        <line num="156" type="stmt" count="1"/>
        <line num="157" type="stmt" count="1"/>
        <line num="158" type="stmt" count="1"/>
        <line num="160" type="stmt" count="1"/>
        <line num="162" type="stmt" count="1"/>
        <line num="163" type="stmt" count="1"/>
        <line num="164" type="stmt" count="1"/>
        <line num="165" type="stmt" count="1"/>
        <line num="166" type="stmt" count="1"/>
        <line num="170" type="stmt" count="1"/>
        <line num="171" type="stmt" count="1"/>
        <line num="173" type="stmt" count="1"/>
        <line num="174" type="stmt" count="1"/>
        <line num="175" type="stmt" count="1"/>
        <line num="176" type="stmt" count="1"/>
        <line num="177" type="stmt" count="1"/>
        <line num="183" type="stmt" count="1"/>
        <line num="190" type="stmt" count="1"/>
        <line num="191" type="stmt" count="1"/>
        <line num="192" type="stmt" count="1"/>
        <line num="193" type="stmt" count="1"/>
        <line num="195" type="stmt" count="1"/>
        <line num="196" type="stmt" count="1"/>
        <line num="197" type="stmt" count="1"/>
        <line num="199" type="stmt" count="1"/>
        <line num="203" type="stmt" count="1"/>
        <line num="204" type="stmt" count="1"/>
        <line num="205" type="stmt" count="1"/>
        <line num="207" type="stmt" count="1"/>
        <line num="212" type="stmt" count="1"/>
        <line num="215" type="stmt" count="1"/>
        <line num="216" type="stmt" count="1"/>
        <line num="217" type="stmt" count="1"/>
        <line num="218" type="stmt" count="1"/>
        <line num="219" type="stmt" count="1"/>
        <line num="220" type="stmt" count="1"/>
        <line num="221" type="stmt" count="1"/>
        <line num="222" type="stmt" count="1"/>
        <line num="226" type="stmt" count="1"/>
        <line num="229" type="stmt" count="1"/>
        <line num="230" type="stmt" count="1"/>
        <line num="233" type="stmt" count="1"/>
        <line num="235" type="stmt" count="1"/>
        <line num="236" type="stmt" count="1"/>
        <line num="237" type="stmt" count="1"/>
        <line num="238" type="stmt" count="0"/>
        <line num="239" type="stmt" count="0"/>
        <line num="241" type="stmt" count="0"/>
        <line num="245" type="stmt" count="1"/>
        <line num="246" type="stmt" count="0"/>
        <line num="247" type="stmt" count="0"/>
        <line num="248" type="stmt" count="0"/>
        <line num="249" type="stmt" count="0"/>
        <line num="250" type="stmt" count="0"/>
        <line num="256" type="stmt" count="1"/>
        <line num="257" type="stmt" count="1"/>
        <line num="258" type="stmt" count="0"/>
        <line num="261" type="stmt" count="1"/>
        <line num="262" type="stmt" count="1"/>
        <line num="263" type="stmt" count="1"/>
        <line num="264" type="stmt" count="1"/>
        <line num="266" type="stmt" count="1"/>
        <line num="267" type="stmt" count="1"/>
        <line num="268" type="stmt" count="1"/>
        <line num="271" type="stmt" count="1"/>
        <line num="275" type="stmt" count="1"/>
        <line num="276" type="stmt" count="1"/>
        <line num="277" type="stmt" count="1"/>
        <line num="278" type="stmt" count="1"/>
        <line num="279" type="stmt" count="1"/>
        <line num="280" type="stmt" count="1"/>
        <line num="282" type="stmt" count="0"/>
        <line num="286" type="stmt" count="1"/>
        <line num="287" type="stmt" count="1"/>
        <line num="288" type="stmt" count="1"/>
        <line num="289" type="stmt" count="1"/>
        <line num="290" type="stmt" count="1"/>
        <line num="291" type="stmt" count="1"/>
        <line num="292" type="stmt" count="1"/>
        <line num="294" type="stmt" count="1"/>
        <line num="299" type="stmt" count="1"/>
        <metrics loc="302" ncloc="215" classes="1" methods="2" coveredmethods="1" conditionals="0" coveredconditionals="0" statements="132" coveredstatements="121" elements="134" coveredelements="122"/>
      </file>
      <file name="/usr/src/app/src/Application/Sniffs/ControlStructures/DisallowAlternativeControlStructureSyntaxSniff.php">
        <class name="Mito\Application\Sniffs\ControlStructures\DisallowAlternativeControlStructureSyntaxSniff" namespace="Mito\Application\Sniffs\ControlStructures" fullPackage="PHP_CodeSniffer" category="ControlStructures" package="PHP_CodeSniffer">
          <metrics complexity="15" methods="2" coveredmethods="1" conditionals="0" coveredconditionals="0" statements="48" coveredstatements="43" elements="50" coveredelements="44"/>
        </class>
        <line num="41" type="method" name="register" visibility="public" complexity="1" crap="1" count="1"/>
        <line num="44" type="stmt" count="1"/>
        <line num="45" type="stmt" count="1"/>
        <line num="46" type="stmt" count="1"/>
        <line num="47" type="stmt" count="1"/>
        <line num="48" type="stmt" count="1"/>
        <line num="63" type="method" name="process" visibility="public" complexity="14" crap="14.31" count="1"/>
        <line num="65" type="stmt" count="1"/>
        <line num="66" type="stmt" count="1"/>
        <line num="67" type="stmt" count="0"/>
        <line num="70" type="stmt" count="1"/>
        <line num="72" type="stmt" count="1"/>
        <line num="73" type="stmt" count="1"/>
        <line num="76" type="stmt" count="1"/>
        <line num="77" type="stmt" count="0"/>
        <line num="80" type="stmt" count="1"/>
        <line num="82" type="stmt" count="1"/>
        <line num="84" type="stmt" count="1"/>
        <line num="85" type="stmt" count="1"/>
        <line num="86" type="stmt" count="1"/>
        <line num="87" type="stmt" count="0"/>
        <line num="90" type="stmt" count="1"/>
        <line num="91" type="stmt" count="1"/>
        <line num="92" type="stmt" count="1"/>
        <line num="95" type="stmt" count="1"/>
        <line num="99" type="stmt" count="1"/>
        <line num="100" type="stmt" count="1"/>
        <line num="101" type="stmt" count="1"/>
        <line num="102" type="stmt" count="1"/>
        <line num="103" type="stmt" count="1"/>
        <line num="105" type="stmt" count="1"/>
        <line num="106" type="stmt" count="0"/>
        <line num="109" type="stmt" count="1"/>
        <line num="110" type="stmt" count="1"/>
        <line num="111" type="stmt" count="0"/>
        <line num="114" type="stmt" count="1"/>
        <line num="115" type="stmt" count="1"/>
        <line num="116" type="stmt" count="1"/>
        <line num="117" type="stmt" count="1"/>
        <line num="119" type="stmt" count="1"/>
        <line num="120" type="stmt" count="1"/>
        <line num="121" type="stmt" count="1"/>
        <line num="124" type="stmt" count="1"/>
        <line num="125" type="stmt" count="1"/>
        <line num="127" type="stmt" count="1"/>
        <line num="128" type="stmt" count="1"/>
        <line num="129" type="stmt" count="1"/>
        <line num="133" type="stmt" count="1"/>
        <line num="134" type="stmt" count="1"/>
        <line num="137" type="stmt" count="1"/>
        <metrics loc="140" ncloc="89" classes="1" methods="2" coveredmethods="1" conditionals="0" coveredconditionals="0" statements="48" coveredstatements="43" elements="50" coveredelements="44"/>
      </file>
    </package>
    <package name="Mito\Application\Sniffs\PHP">
      <file name="/usr/src/app/src/Application/Sniffs/PHP/ForbiddenFunctionsSniff.php">
        <class name="Mito\Application\Sniffs\PHP\ForbiddenFunctionsSniff" namespace="Mito\Application\Sniffs\PHP" fullPackage="PHP_CodeSniffer" category="PHP" package="PHP_CodeSniffer">
          <metrics complexity="9" methods="1" coveredmethods="0" conditionals="0" coveredconditionals="0" statements="26" coveredstatements="20" elements="27" coveredelements="20"/>
        </class>
        <line num="63" type="method" name="addError" visibility="protected" complexity="9" crap="10.00" count="1"/>
        <line num="65" type="stmt" count="1"/>
        <line num="66" type="stmt" count="1"/>
        <line num="67" type="stmt" count="1"/>
        <line num="68" type="stmt" count="1"/>
        <line num="69" type="stmt" count="1"/>
        <line num="71" type="stmt" count="0"/>
        <line num="72" type="stmt" count="0"/>
        <line num="75" type="stmt" count="1"/>
        <line num="76" type="stmt" count="1"/>
        <line num="79" type="stmt" count="1"/>
        <line num="80" type="stmt" count="1"/>
        <line num="81" type="stmt" count="1"/>
        <line num="83" type="stmt" count="1"/>
        <line num="84" type="stmt" count="1"/>
        <line num="85" type="stmt" count="1"/>
        <line num="86" type="stmt" count="1"/>
        <line num="89" type="stmt" count="1"/>
        <line num="90" type="stmt" count="0"/>
        <line num="91" type="stmt" count="0"/>
        <line num="93" type="stmt" count="0"/>
        <line num="96" type="stmt" count="1"/>
        <line num="97" type="stmt" count="1"/>
        <line num="99" type="stmt" count="0"/>
        <line num="102" type="stmt" count="1"/>
        <line num="103" type="stmt" count="1"/>
        <line num="107" type="stmt" count="1"/>
        <metrics loc="110" ncloc="57" classes="1" methods="1" coveredmethods="0" conditionals="0" coveredconditionals="0" statements="26" coveredstatements="20" elements="27" coveredelements="20"/>
      </file>
      <file name="/usr/src/app/src/Application/Sniffs/PHP/IsNullSniff.php">
        <class name="Mito\Application\Sniffs\PHP\IsNullSniff" namespace="Mito\Application\Sniffs\PHP" fullPackage="PHP_CodeSniffer" category="PHP" package="PHP_CodeSniffer">
          <metrics complexity="14" methods="2" coveredmethods="1" conditionals="0" coveredconditionals="0" statements="52" coveredstatements="49" elements="54" coveredelements="50"/>
        </class>
        <line num="41" type="method" name="register" visibility="public" complexity="1" crap="1" count="1"/>
        <line num="43" type="stmt" count="1"/>
        <line num="57" type="method" name="process" visibility="public" complexity="13" crap="13.03" count="1"/>
        <line num="59" type="stmt" count="1"/>
        <line num="62" type="stmt" count="1"/>
        <line num="63" type="stmt" count="1"/>
        <line num="64" type="stmt" count="1"/>
        <line num="65" type="stmt" count="1"/>
        <line num="66" type="stmt" count="1"/>
        <line num="67" type="stmt" count="1"/>
        <line num="68" type="stmt" count="1"/>
        <line num="69" type="stmt" count="1"/>
        <line num="70" type="stmt" count="1"/>
        <line num="71" type="stmt" count="1"/>
        <line num="72" type="stmt" count="1"/>
        <line num="73" type="stmt" count="1"/>
        <line num="76" type="stmt" count="1"/>
        <line num="78" type="stmt" count="1"/>
        <line num="80" type="stmt" count="1"/>
        <line num="81" type="stmt" count="1"/>
        <line num="82" type="stmt" count="1"/>
        <line num="83" type="stmt" count="1"/>
        <line num="85" type="stmt" count="1"/>
        <line num="89" type="stmt" count="1"/>
        <line num="91" type="stmt" count="1"/>
        <line num="94" type="stmt" count="1"/>
        <line num="95" type="stmt" count="1"/>
        <line num="97" type="stmt" count="1"/>
        <line num="100" type="stmt" count="1"/>
        <line num="102" type="stmt" count="1"/>
        <line num="105" type="stmt" count="1"/>
        <line num="107" type="stmt" count="1"/>
        <line num="108" type="stmt" count="0"/>
        <line num="111" type="stmt" count="1"/>
        <line num="112" type="stmt" count="1"/>
        <line num="113" type="stmt" count="1"/>
        <line num="114" type="stmt" count="1"/>
        <line num="115" type="stmt" count="1"/>
        <line num="118" type="stmt" count="1"/>
        <line num="119" type="stmt" count="0"/>
        <line num="120" type="stmt" count="0"/>
        <line num="123" type="stmt" count="1"/>
        <line num="125" type="stmt" count="1"/>
        <line num="126" type="stmt" count="1"/>
        <line num="127" type="stmt" count="1"/>
        <line num="128" type="stmt" count="1"/>
        <line num="129" type="stmt" count="1"/>
        <line num="130" type="stmt" count="1"/>
        <line num="131" type="stmt" count="1"/>
        <line num="134" type="stmt" count="1"/>
        <line num="135" type="stmt" count="1"/>
        <line num="138" type="stmt" count="1"/>
        <line num="139" type="stmt" count="1"/>
        <line num="142" type="stmt" count="1"/>
        <metrics loc="145" ncloc="90" classes="1" methods="2" coveredmethods="1" conditionals="0" coveredconditionals="0" statements="52" coveredstatements="49" elements="54" coveredelements="50"/>
      </file>
    </package>
    <package name="Mito\Application\Sniffs\WhiteSpace">
      <file name="/usr/src/app/src/Application/Sniffs/WhiteSpace/OperatorSpacingSniff.php">
        <class name="Mito\Application\Sniffs\WhiteSpace\OperatorSpacingSniff" namespace="Mito\Application\Sniffs\WhiteSpace" fullPackage="PHP_CodeSniffer" category="PHP" package="PHP_CodeSniffer">
          <metrics complexity="59" methods="2" coveredmethods="1" conditionals="0" coveredconditionals="0" statements="138" coveredstatements="135" elements="140" coveredelements="136"/>
        </class>
        <line num="56" type="method" name="register" visibility="public" complexity="1" crap="1" count="1"/>
        <line num="58" type="stmt" count="1"/>
        <line num="59" type="stmt" count="1"/>
        <line num="60" type="stmt" count="1"/>
        <line num="62" type="stmt" count="1"/>
        <line num="63" type="stmt" count="1"/>
        <line num="65" type="stmt" count="1"/>
        <line num="66" type="stmt" count="1"/>
        <line num="81" type="method" name="process" visibility="public" complexity="58" crap="58" count="1"/>
        <line num="83" type="stmt" count="1"/>
        <line num="85" type="stmt" count="1"/>
        <line num="86" type="stmt" count="1"/>
        <line num="88" type="stmt" count="1"/>
        <line num="89" type="stmt" count="1"/>
        <line num="90" type="stmt" count="1"/>
        <line num="91" type="stmt" count="1"/>
        <line num="92" type="stmt" count="1"/>
        <line num="93" type="stmt" count="1"/>
        <line num="94" type="stmt" count="1"/>
        <line num="96" type="stmt" count="1"/>
        <line num="102" type="stmt" count="1"/>
        <line num="104" type="stmt" count="1"/>
        <line num="105" type="stmt" count="1"/>
        <line num="107" type="stmt" count="1"/>
        <line num="112" type="stmt" count="1"/>
        <line num="113" type="stmt" count="1"/>
        <line num="114" type="stmt" count="1"/>
        <line num="115" type="stmt" count="1"/>
        <line num="117" type="stmt" count="1"/>
        <line num="120" type="stmt" count="1"/>
        <line num="123" type="stmt" count="1"/>
        <line num="124" type="stmt" count="1"/>
        <line num="128" type="stmt" count="1"/>
        <line num="129" type="stmt" count="1"/>
        <line num="130" type="stmt" count="1"/>
        <line num="131" type="stmt" count="1"/>
        <line num="132" type="stmt" count="1"/>
        <line num="135" type="stmt" count="1"/>
        <line num="137" type="stmt" count="1"/>
        <line num="138" type="stmt" count="0"/>
        <line num="140" type="stmt" count="1"/>
        <line num="143" type="stmt" count="1"/>
        <line num="144" type="stmt" count="1"/>
        <line num="145" type="stmt" count="1"/>
        <line num="147" type="stmt" count="1"/>
        <line num="148" type="stmt" count="1"/>
        <line num="149" type="stmt" count="1"/>
        <line num="150" type="stmt" count="1"/>
        <line num="151" type="stmt" count="1"/>
        <line num="157" type="stmt" count="1"/>
        <line num="158" type="stmt" count="1"/>
        <line num="159" type="stmt" count="1"/>
        <line num="160" type="stmt" count="1"/>
        <line num="161" type="stmt" count="1"/>
        <line num="164" type="stmt" count="1"/>
        <line num="166" type="stmt" count="1"/>
        <line num="167" type="stmt" count="0"/>
        <line num="169" type="stmt" count="1"/>
        <line num="172" type="stmt" count="1"/>
        <line num="173" type="stmt" count="1"/>
        <line num="174" type="stmt" count="1"/>
        <line num="176" type="stmt" count="1"/>
        <line num="177" type="stmt" count="1"/>
        <line num="178" type="stmt" count="1"/>
        <line num="179" type="stmt" count="1"/>
        <line num="180" type="stmt" count="1"/>
        <line num="184" type="stmt" count="1"/>
        <line num="186" type="stmt" count="1"/>
        <line num="189" type="stmt" count="1"/>
        <line num="190" type="stmt" count="1"/>
        <line num="192" type="stmt" count="1"/>
        <line num="195" type="stmt" count="1"/>
        <line num="197" type="stmt" count="1"/>
        <line num="200" type="stmt" count="1"/>
        <line num="202" type="stmt" count="1"/>
        <line num="205" type="stmt" count="1"/>
        <line num="207" type="stmt" count="1"/>
        <line num="210" type="stmt" count="1"/>
        <line num="212" type="stmt" count="1"/>
        <line num="218" type="stmt" count="1"/>
        <line num="219" type="stmt" count="1"/>
        <line num="220" type="stmt" count="1"/>
        <line num="221" type="stmt" count="1"/>
        <line num="222" type="stmt" count="1"/>
        <line num="223" type="stmt" count="1"/>
        <line num="224" type="stmt" count="1"/>
        <line num="225" type="stmt" count="1"/>
        <line num="226" type="stmt" count="1"/>
        <line num="228" type="stmt" count="1"/>
        <line num="230" type="stmt" count="1"/>
        <line num="233" type="stmt" count="1"/>
        <line num="234" type="stmt" count="1"/>
        <line num="235" type="stmt" count="1"/>
        <line num="236" type="stmt" count="1"/>
        <line num="237" type="stmt" count="1"/>
        <line num="238" type="stmt" count="1"/>
        <line num="239" type="stmt" count="1"/>
        <line num="242" type="stmt" count="1"/>
        <line num="243" type="stmt" count="1"/>
        <line num="246" type="stmt" count="1"/>
        <line num="247" type="stmt" count="1"/>
        <line num="249" type="stmt" count="1"/>
        <line num="252" type="stmt" count="1"/>
        <line num="253" type="stmt" count="1"/>
        <line num="254" type="stmt" count="1"/>
        <line num="256" type="stmt" count="1"/>
        <line num="258" type="stmt" count="1"/>
        <line num="259" type="stmt" count="1"/>
        <line num="261" type="stmt" count="1"/>
        <line num="262" type="stmt" count="1"/>
        <line num="263" type="stmt" count="1"/>
        <line num="264" type="stmt" count="1"/>
        <line num="265" type="stmt" count="1"/>
        <line num="266" type="stmt" count="1"/>
        <line num="267" type="stmt" count="1"/>
        <line num="268" type="stmt" count="1"/>
        <line num="272" type="stmt" count="1"/>
        <line num="273" type="stmt" count="1"/>
        <line num="278" type="stmt" count="1"/>
        <line num="279" type="stmt" count="0"/>
        <line num="282" type="stmt" count="1"/>
        <line num="283" type="stmt" count="1"/>
        <line num="284" type="stmt" count="1"/>
        <line num="285" type="stmt" count="1"/>
        <line num="286" type="stmt" count="1"/>
        <line num="289" type="stmt" count="1"/>
        <line num="291" type="stmt" count="1"/>
        <line num="292" type="stmt" count="1"/>
        <line num="294" type="stmt" count="1"/>
        <line num="296" type="stmt" count="1"/>
        <line num="299" type="stmt" count="1"/>
        <line num="300" type="stmt" count="1"/>
        <line num="301" type="stmt" count="1"/>
        <line num="303" type="stmt" count="1"/>
        <line num="305" type="stmt" count="1"/>
        <line num="306" type="stmt" count="1"/>
        <line num="308" type="stmt" count="1"/>
        <line num="309" type="stmt" count="1"/>
        <line num="310" type="stmt" count="1"/>
        <line num="315" type="stmt" count="1"/>
        <metrics loc="318" ncloc="207" classes="1" methods="2" coveredmethods="1" conditionals="0" coveredconditionals="0" statements="138" coveredstatements="135" elements="140" coveredelements="136"/>
      </file>
    </package>
    <package name="Mito\Application\Tests\Arrays">
      <file name="/usr/src/app/src/Application/Tests/Arrays/ArrayDeclarationUnitTest.php">
        <class name="Mito\Application\Tests\Arrays\ArrayDeclarationUnitTest" namespace="Mito\Application\Tests\Arrays" fullPackage="PHP_CodeSniffer" category="PHP" package="PHP_CodeSniffer">
          <metrics complexity="4" methods="2" coveredmethods="1" conditionals="0" coveredconditionals="0" statements="7" coveredstatements="6" elements="9" coveredelements="7"/>
        </class>
        <line num="48" type="method" name="getErrorList" visibility="public" complexity="3" crap="3.04" count="1"/>
        <line num="50" type="stmt" count="1"/>
        <line num="51" type="stmt" count="1"/>
        <line num="53" type="stmt" count="1"/>
        <line num="141" type="stmt" count="1"/>
        <line num="143" type="stmt" count="1"/>
        <line num="225" type="stmt" count="0"/>
        <line num="239" type="method" name="getWarningList" visibility="public" complexity="1" crap="1" count="1"/>
        <line num="241" type="stmt" count="1"/>
        <metrics loc="246" ncloc="184" classes="1" methods="2" coveredmethods="1" conditionals="0" coveredconditionals="0" statements="7" coveredstatements="6" elements="9" coveredelements="7"/>
      </file>
    </package>
    <package name="Mito\Application\Tests\Classes">
      <file name="/usr/src/app/src/Application/Tests/Classes/PropertyOrderUnitTest.php">
        <class name="Mito\Application\Tests\Classes\PropertyOrderUnitTest" namespace="Mito\Application\Tests\Classes" fullPackage="PHP_CodeSniffer" category="PHP" package="PHP_CodeSniffer">
          <metrics complexity="2" methods="2" coveredmethods="2" conditionals="0" coveredconditionals="0" statements="3" coveredstatements="3" elements="5" coveredelements="5"/>
        </class>
        <line num="48" type="method" name="getErrorList" visibility="public" complexity="1" crap="1" count="1"/>
        <line num="51" type="stmt" count="1"/>
        <line num="60" type="stmt" count="1"/>
        <line num="73" type="method" name="getWarningList" visibility="public" complexity="1" crap="1" count="1"/>
        <line num="75" type="stmt" count="1"/>
        <metrics loc="80" ncloc="28" classes="1" methods="2" coveredmethods="2" conditionals="0" coveredconditionals="0" statements="3" coveredstatements="3" elements="5" coveredelements="5"/>
      </file>
      <file name="/usr/src/app/src/Application/Tests/Classes/StaticSelfUnitTest.php">
        <class name="Mito\Application\Tests\Classes\StaticSelfUnitTest" namespace="Mito\Application\Tests\Classes" fullPackage="PHP_CodeSniffer" category="PHP" package="PHP_CodeSniffer">
          <metrics complexity="4" methods="2" coveredmethods="1" conditionals="0" coveredconditionals="0" statements="7" coveredstatements="6" elements="9" coveredelements="7"/>
        </class>
        <line num="48" type="method" name="getErrorList" visibility="public" complexity="3" crap="3.04" count="1"/>
        <line num="50" type="stmt" count="1"/>
        <line num="51" type="stmt" count="1"/>
        <line num="53" type="stmt" count="1"/>
        <line num="64" type="stmt" count="1"/>
        <line num="66" type="stmt" count="1"/>
        <line num="82" type="stmt" count="0"/>
        <line num="96" type="method" name="getWarningList" visibility="public" complexity="1" crap="1" count="1"/>
        <line num="98" type="stmt" count="1"/>
        <metrics loc="103" ncloc="49" classes="1" methods="2" coveredmethods="1" conditionals="0" coveredconditionals="0" statements="7" coveredstatements="6" elements="9" coveredelements="7"/>
      </file>
    </package>
    <package name="Mito\Application\Tests\ControlStructures">
      <file name="/usr/src/app/src/Application/Tests/ControlStructures/ControlSignatureUnitTest.php">
        <class name="Mito\Application\Tests\ControlStructures\ControlSignatureUnitTest" namespace="Mito\Application\Tests\ControlStructures" fullPackage="PHP_CodeSniffer" category="PHP" package="PHP_CodeSniffer">
          <metrics complexity="3" methods="2" coveredmethods="2" conditionals="0" coveredconditionals="0" statements="24" coveredstatements="24" elements="26" coveredelements="26"/>
        </class>
        <line num="48" type="method" name="getErrorList" visibility="public" complexity="2" crap="2" count="1"/>
        <line num="51" type="stmt" count="1"/>
        <line num="73" type="stmt" count="1"/>
        <line num="74" type="stmt" count="1"/>
        <line num="75" type="stmt" count="1"/>
        <line num="76" type="stmt" count="1"/>
        <line num="77" type="stmt" count="1"/>
        <line num="78" type="stmt" count="1"/>
        <line num="79" type="stmt" count="1"/>
        <line num="80" type="stmt" count="1"/>
        <line num="81" type="stmt" count="1"/>
        <line num="82" type="stmt" count="1"/>
        <line num="83" type="stmt" count="1"/>
        <line num="84" type="stmt" count="1"/>
        <line num="85" type="stmt" count="1"/>
        <line num="86" type="stmt" count="1"/>
        <line num="87" type="stmt" count="1"/>
        <line num="88" type="stmt" count="1"/>
        <line num="89" type="stmt" count="1"/>
        <line num="90" type="stmt" count="1"/>
        <line num="91" type="stmt" count="1"/>
        <line num="92" type="stmt" count="1"/>
        <line num="93" type="stmt" count="1"/>
        <line num="96" type="stmt" count="1"/>
        <line num="109" type="method" name="getWarningList" visibility="public" complexity="1" crap="1" count="1"/>
        <line num="111" type="stmt" count="1"/>
        <metrics loc="116" ncloc="64" classes="1" methods="2" coveredmethods="2" conditionals="0" coveredconditionals="0" statements="24" coveredstatements="24" elements="26" coveredelements="26"/>
      </file>
      <file name="/usr/src/app/src/Application/Tests/ControlStructures/DisallowAlternativeControlStructureSyntaxUnitTest.php">
        <class name="Mito\Application\Tests\ControlStructures\DisallowAlternativeControlStructureSyntaxUnitTest" namespace="Mito\Application\Tests\ControlStructures" fullPackage="PHP_CodeSniffer" category="PHP" package="PHP_CodeSniffer">
          <metrics complexity="2" methods="2" coveredmethods="2" conditionals="0" coveredconditionals="0" statements="3" coveredstatements="3" elements="5" coveredelements="5"/>
        </class>
        <line num="48" type="method" name="getErrorList" visibility="public" complexity="1" crap="1" count="1"/>
        <line num="51" type="stmt" count="1"/>
        <line num="59" type="stmt" count="1"/>
        <line num="72" type="method" name="getWarningList" visibility="public" complexity="1" crap="1" count="1"/>
        <line num="74" type="stmt" count="1"/>
        <metrics loc="79" ncloc="27" classes="1" methods="2" coveredmethods="2" conditionals="0" coveredconditionals="0" statements="3" coveredstatements="3" elements="5" coveredelements="5"/>
      </file>
    </package>
    <package name="Mito\Application\Tests\PHP">
      <file name="/usr/src/app/src/Application/Tests/PHP/ForbiddenFunctionsUnitTest.php">
        <class name="Mito\Application\Tests\PHP\ForbiddenFunctionsUnitTest" namespace="Mito\Application\Tests\PHP" fullPackage="PHP_CodeSniffer" category="PHP" package="PHP_CodeSniffer">
          <metrics complexity="2" methods="2" coveredmethods="2" conditionals="0" coveredconditionals="0" statements="3" coveredstatements="3" elements="5" coveredelements="5"/>
        </class>
        <line num="46" type="method" name="getErrorList" visibility="public" complexity="1" crap="1" count="1"/>
        <line num="49" type="stmt" count="1"/>
        <line num="54" type="stmt" count="1"/>
        <line num="67" type="method" name="getWarningList" visibility="public" complexity="1" crap="1" count="1"/>
        <line num="69" type="stmt" count="1"/>
        <metrics loc="76" ncloc="26" classes="1" methods="2" coveredmethods="2" conditionals="0" coveredconditionals="0" statements="3" coveredstatements="3" elements="5" coveredelements="5"/>
      </file>
      <file name="/usr/src/app/src/Application/Tests/PHP/IsNullUnitTest.php">
        <class name="Mito\Application\Tests\PHP\IsNullUnitTest" namespace="Mito\Application\Tests\PHP" fullPackage="PHP_CodeSniffer" category="PHP" package="PHP_CodeSniffer">
          <metrics complexity="2" methods="2" coveredmethods="2" conditionals="0" coveredconditionals="0" statements="3" coveredstatements="3" elements="5" coveredelements="5"/>
        </class>
        <line num="46" type="method" name="getErrorList" visibility="public" complexity="1" crap="1" count="1"/>
        <line num="49" type="stmt" count="1"/>
        <line num="61" type="stmt" count="1"/>
        <line num="74" type="method" name="getWarningList" visibility="public" complexity="1" crap="1" count="1"/>
        <line num="76" type="stmt" count="1"/>
        <metrics loc="83" ncloc="33" classes="1" methods="2" coveredmethods="2" conditionals="0" coveredconditionals="0" statements="3" coveredstatements="3" elements="5" coveredelements="5"/>
      </file>
    </package>
    <package name="Mito\Application\Tests\WhiteSpace">
      <file name="/usr/src/app/src/Application/Tests/WhiteSpace/OperatorSpacingUnitTest.php">
        <class name="Mito\Application\Tests\WhiteSpace\OperatorSpacingUnitTest" namespace="Mito\Application\Tests\WhiteSpace" fullPackage="PHP_CodeSniffer" category="PHP" package="PHP_CodeSniffer">
          <metrics complexity="4" methods="2" coveredmethods="1" conditionals="0" coveredconditionals="0" statements="7" coveredstatements="6" elements="9" coveredelements="7"/>
        </class>
        <line num="48" type="method" name="getErrorList" visibility="public" complexity="3" crap="3.04" count="1"/>
        <line num="50" type="stmt" count="1"/>
        <line num="51" type="stmt" count="1"/>
        <line num="53" type="stmt" count="1"/>
        <line num="111" type="stmt" count="1"/>
        <line num="113" type="stmt" count="1"/>
        <line num="153" type="stmt" count="0"/>
        <line num="168" type="method" name="getWarningList" visibility="public" complexity="1" crap="1" count="1"/>
        <line num="170" type="stmt" count="1"/>
        <metrics loc="175" ncloc="121" classes="1" methods="2" coveredmethods="1" conditionals="0" coveredconditionals="0" statements="7" coveredstatements="6" elements="9" coveredelements="7"/>
      </file>
    </package>
    <package name="Mito\ViewsAlternate\Sniffs\ControlStructures">
      <file name="/usr/src/app/src/ViewsAlternate/Sniffs/ControlStructures/AlternativeControlStructureSyntaxSniff.php">
        <class name="Mito\ViewsAlternate\Sniffs\ControlStructures\AlternativeControlStructureSyntaxSniff" namespace="Mito\ViewsAlternate\Sniffs\ControlStructures" fullPackage="PHP_CodeSniffer" category="ControlStructures" package="PHP_CodeSniffer">
          <metrics complexity="16" methods="2" coveredmethods="1" conditionals="0" coveredconditionals="0" statements="53" coveredstatements="48" elements="55" coveredelements="49"/>
        </class>
        <line num="41" type="method" name="register" visibility="public" complexity="1" crap="1" count="1"/>
        <line num="44" type="stmt" count="1"/>
        <line num="45" type="stmt" count="1"/>
        <line num="46" type="stmt" count="1"/>
        <line num="47" type="stmt" count="1"/>
        <line num="48" type="stmt" count="1"/>
        <line num="63" type="method" name="process" visibility="public" complexity="15" crap="15.25" count="1"/>
        <line num="65" type="stmt" count="1"/>
        <line num="66" type="stmt" count="1"/>
        <line num="67" type="stmt" count="0"/>
        <line num="70" type="stmt" count="1"/>
        <line num="72" type="stmt" count="1"/>
        <line num="73" type="stmt" count="1"/>
        <line num="76" type="stmt" count="1"/>
        <line num="77" type="stmt" count="0"/>
        <line num="80" type="stmt" count="1"/>
        <line num="81" type="stmt" count="1"/>
        <line num="84" type="stmt" count="1"/>
        <line num="85" type="stmt" count="1"/>
        <line num="86" type="stmt" count="1"/>
        <line num="87" type="stmt" count="1"/>
        <line num="88" type="stmt" count="1"/>
        <line num="91" type="stmt" count="1"/>
        <line num="93" type="stmt" count="1"/>
        <line num="94" type="stmt" count="1"/>
        <line num="95" type="stmt" count="1"/>
        <line num="96" type="stmt" count="0"/>
        <line num="99" type="stmt" count="1"/>
        <line num="100" type="stmt" count="1"/>
        <line num="103" type="stmt" count="1"/>
        <line num="105" type="stmt" count="0"/>
        <line num="108" type="stmt" count="1"/>
        <line num="109" type="stmt" count="1"/>
        <line num="110" type="stmt" count="1"/>
        <line num="112" type="stmt" count="1"/>
        <line num="115" type="stmt" count="1"/>
        <line num="117" type="stmt" count="0"/>
        <line num="120" type="stmt" count="1"/>
        <line num="121" type="stmt" count="1"/>
        <line num="122" type="stmt" count="1"/>
        <line num="125" type="stmt" count="1"/>
        <line num="126" type="stmt" count="1"/>
        <line num="127" type="stmt" count="1"/>
        <line num="128" type="stmt" count="1"/>
        <line num="130" type="stmt" count="1"/>
        <line num="131" type="stmt" count="1"/>
        <line num="132" type="stmt" count="1"/>
        <line num="134" type="stmt" count="1"/>
        <line num="135" type="stmt" count="1"/>
        <line num="136" type="stmt" count="1"/>
        <line num="140" type="stmt" count="1"/>
        <line num="141" type="stmt" count="1"/>
        <line num="144" type="stmt" count="1"/>
        <line num="145" type="stmt" count="1"/>
        <line num="148" type="stmt" count="1"/>
        <metrics loc="151" ncloc="94" classes="1" methods="2" coveredmethods="1" conditionals="0" coveredconditionals="0" statements="53" coveredstatements="48" elements="55" coveredelements="49"/>
      </file>
    </package>
    <package name="Mito\ViewsAlternate\Tests\ControlStructures">
      <file name="/usr/src/app/src/ViewsAlternate/Tests/ControlStructures/AlternativeControlStructureSyntaxUnitTest.php">
        <class name="Mito\ViewsAlternate\Tests\ControlStructures\AlternativeControlStructureSyntaxUnitTest" namespace="Mito\ViewsAlternate\Tests\ControlStructures" fullPackage="PHP_CodeSniffer" category="PHP" package="PHP_CodeSniffer">
          <metrics complexity="2" methods="2" coveredmethods="2" conditionals="0" coveredconditionals="0" statements="3" coveredstatements="3" elements="5" coveredelements="5"/>
        </class>
        <line num="48" type="method" name="getErrorList" visibility="public" complexity="1" crap="1" count="1"/>
        <line num="51" type="stmt" count="1"/>
        <line num="59" type="stmt" count="1"/>
        <line num="72" type="method" name="getWarningList" visibility="public" complexity="1" crap="1" count="1"/>
        <line num="74" type="stmt" count="1"/>
        <metrics loc="79" ncloc="27" classes="1" methods="2" coveredmethods="2" conditionals="0" coveredconditionals="0" statements="3" coveredstatements="3" elements="5" coveredelements="5"/>
      </file>
    </package>
    <metrics files="18" loc="3658" ncloc="2347" classes="18" methods="40" coveredmethods="25" conditionals="0" coveredconditionals="0" statements="1202" coveredstatements="1115" elements="1242" coveredelements="1140"/>
  </project>
</coverage>
